<?xml version="1.0" encoding="UTF-8"?>
<!-- Generated by org.testng.reporters.JUnitReportReporter -->
<testsuite hostname="IMANUR-ALI" failures="0" tests="3" name="TestRunner.TestRunner" time="34.213" errors="0" timestamp="2025-06-03T11:58:06 IST" skipped="0">
  <testcase classname="TestRunner.TestRunner" name="runScenario" time="6.597"/>
  <testcase classname="TestRunner.TestRunner" name="runScenario" time="19.808"/>
  <testcase classname="TestRunner.TestRunner" name="runScenario" time="7.808"/>
</testsuite> <!-- TestRunner.TestRunner -->
